[  00000 Itilizi cou subs uset[  0.0000]niialiincgoup ubyscp
[  000000]Intiizing cgroup subsys cpuacct
[    0.000000] Linux version 4.4.0-38-generic (buildd@lgw01-58) (gcc version 5.4.0 20160609 (Ubuntu 5.4.0-6ubuntu1~1.02)) #57-UbtuMP Tueep6 5:433TC2016 (unu .4.08.-genri4.19)[   0.0000Comandin BOT_IGEbootmluz4.4.38enric otABL=cldi-roos  cnsoltt cnse=yS
[    0.000000] KERNEL supported cpus:
[    0.000000]   Intel GenuineIntel
[    0.000000]   AMD AuthenticAMD
[  00000]  Cntur Cnturul
[  00000] -------[ c he ]--------[   0.0000WANING C:  PID0  /bud/nu-R0T8/nux-4.archx8keel/f/xate.c:7 u_initysm_sttex3/0x7()
[    0.000000] XSAVE consistency problem, dupig eave
   000000] Modules linked in:
[    0.000000] CPU: 00 PD: 0 Comm: swapper Not tainted 4.4.0-38-generic #57-Ubtu
[  00000] 0000000006 e342bff3a77 ffff1e03d80 ffffffff813f1b73
[    0.000000]  ffffffff81e03dc8 ffffffff81ca2be0 ffffffff81e03db8 ffffffff810811c2
[    0.000000]  ffffff810348fffff8e0e4c 00000000080000000000
[  0.0000] alTre:
  0.0000 [ffffff13b7>] dp_ac+0x6/00
[  00000][<fffff81112> warslwpth_comon+0x82/0xc0
[    0.000000]  [<ffffffff8108125c>] warn_slowpath_fmt+0x5c/0x80
[    0.000000]  [<ffffffff8107cf90>] ? xfatresize+0590x7
[   00000] <fffff1fee>] f__itsyemstte+08bx7a
[  0000] <fffff81a10>? rl_idtanerarray0x0/x120[  0.000  <ffffff6a87>fp__int_syte+0x100x5
[  00000] <fffff81b960 elycp_iitx19/0x13
[  0.000][<fffffff6b90> ?ary_c_it+x139x1
    0000] <fffff816ef> setp_chxb4/xd
    00000] [<fffff1f5a20 ?earl_it_handler_array+0x120/0x0
[    0.000000]  [<ffffffff81f5ac74>] start_kernel+0xe4/0x4a2
[    0.000000]  [<ffffffff81f5a120>] ? early_idt_handler_array+0x120/0x120
[    0.000000]  [<ffffffff81f5a339>] x86_64_start_reservations+0x2a/0x2c
[    0.000000]  [<ffffffff81f5a485>] x86_64_start_kernel+0x14a/0x16d
[    0.000000] ---[ end trace 4d5ff9f2f68c4233 ]---
[    0.000000] CPUID[d,0] eax00007 ebx=00000440 ec00040 x=00000[  00000] UI[0d,01 ex=0000 ebx00000 cx=00000edx=0000
  0.0000 CID[0, ]:eax=0001 ebx=0000 cx=00000edx=0000
[   00000] PU[0, 03]ea000000bx000000cx000000ed=00000
[  0.000] CIDd, 04]: eax=00000000 ebx=00000000 ecx=00000000 edx=00000000
[    0.000000] CPUID[0d, 05]: eax=0000 ex=0000 ecx000000edx=00000
[  00000] UI[0, 06 e=000000 x=0000 ex=0000edx=0000
[  00000] PU[0, 07 e=00000eb=00000ec=00000ed=00000
[    0.000 CPU[0 0]: ex=000000 bx=00000ec=0000 edx=0000
[   00000]PU[0, 09]ea000000eb000000ec=0000000 edx=00000000
[    0.000000] CPUID[0d, 0a]: eax=00000000 ebx=00000000 ecx=00000000 edx=00000000
[    0000 CPUD[, ]: eax00000 eb=00000 ecx00000 dx00000[  0.000 CUID[, ]: e=00000eb000000cx000000dx000000
   0.000 CUID[d,d] eax000000ebx=0000ec00000 ed00000
[  00000 CID[0d,0e: ax00000 x=0000 ecx00000 dx=00000
[  00000] UI0d, ]:ax000000bx=00000 ecx000000ed=0000000[   0.000]CPUID[, 0] e=00000 e=000000 cx000000 ex=0000
   0000]CPUI0d 1]: ex=00000 bx000000ec000000 e=00000
   00000 x86pu xstate_offset[2]:  576, xstate_sizes[2]:  256
[    0.000000] x86/fpu: Supporting XSAVE feature 0x01: 'x87 floating point registers'
[    0.0000] 86fpu:Suoring SAE eaure 0x: SE rgier'
[  00000] 6/u: Spoin XSA fture0x: AVX risers'
[  .00000]86fpu:nalexsta ftures 0x7, context size is 108 bte, using 'standard' format.
[   0.0000x8/f: Using 'lzy FU onte stces.   00000e820BI-povid psial RAM map:
[    0.000000] BIOS-e820: [mem 0x0000000000000000-0x000000000009fbff] usable
[    0.000000] BIOS-e820: [mem 00x00000009fc00x000000fff] rseed
[   0000] OS82: [m 00000000f00-00000000fffreerve
[  0.0000 BOS-e820: [me 00000000100000x0000bfeff]usab
   0.0000]IO-e82 [m x00000ff00000x0000bfff] CPI ta
[  0.000] BS-20 [me 0000000ffc00-x00000ffffff rerd
[  .00000]  (Exute sae)prteio: acve
[  0.000] SIO2.5 rent
[  0.000] Hersor teed KVM[   0.000000] e82: last_pfn = 0xbfff0 max_arch_pfn = 0x400000000
[    0.000000] MTRR: Disabled
[    0.000000] x86/PAT: MTRRs disabled, skipping PAT initialization too.
[    0.000000] x86/PAT: Configuration [0-7]: WB  WT  UC- UC  WB  WT  UC- UC  
[    0.000000] CPU MTRRs all blank - virtualized system.
[    0.000000] found P -tble t em0x009f0-x000ff mapedt fff80009ff0][   0.000] Sannig  aeafor w moy coruio
[  00000] MDSK: me0x71c200x38d8ff][   0.0000 API: rl tbl checkumericatn sabld   0.000] PI: DPx000000000E0000000 (2 VBX 
    .000 ACP XDT0x000000FF030 00C v01 BO  BOXXT 0000AS 00006)
[  00000] PIFAP 0x0000BF00 000F4 (04BO  VBFA 00000 A  000061
[   00000 ACP: SD0x000000FFF0700011 (v0VB  VBXBOS0000 IL 010028
[   0000]ACPIFA 0x00000FFF0000040
  0.0000 AI:FACSx00000FF20 00004
[  .0000]CPI:PI0x0000FF02400000C 02 VBOX   VBOXAPIC 00000001 ASL  00000061)
[    0.000000] ACPI: SSDT 0x00000000BFFF02A0 0001CC (v01 VBOX   VBOXCPUT 00000 IL 201028
[    0.000000] No NUMA configuration foud    .000] Faking aodat[mm 0000000000000x00000bfff]
[  000000]NOE_TA(0) llatd [mm bfeb0000xfeffff]
[    0.000000] kvm-clok:sig msrsb54d01an4b64d0
    .00000 k-cock:pu, ms0:fe701,riary pulok
[   00000]vmlockusg scedffet o 2955547cyes
[    0.000000] clocksource: kvm-clock: mak:xffffffffff macyes: x1424dff m_idlns88590548 ns
[  00000] neanes
[  .0000] DMA   [em 00000000010-0000000fffff][   0.000]  DM32  mem x0000001000-x00000ffefff
[   0.000]  Nrm  empty   0.000]  Deve emty
  0.0000] vale ze art r chnode[   .000 Earlyemy no rge
[  00000  od   0[m 0x000000001000x0000000ff]
[  .0000] ne   0:me 00000000000000-0x00000000bffeffff]
[    0.000000] Initmem setup node0 me 0x0000000000001000-0x00000000bffeffff]
[    0.000000AC: M-Tir  Por 000
[  00000 IPI[0]:piid2,veio 1, ades0xec0000GS 0-2
[    0.000000] ACPI: INT_SRC_OVR (bus 0 bus_irq 0 global_irq 2 dfl dfl)
[    0.000000] ACPI: INT_SRC_OVR (bus 0 bus_q  glol_q  hig lel
[   00000] si AI (MT)orSMP onfiraion nfrmtin
[  000000]smbo: Allowing 2 CPUs, 0 hotplug CPUs
[    0.000000] PM: Registered nosave mor [emx00000-0000ff]
  0.0000 P: gister nave mery[memx09f00x09fff]   0.000 P: Rested navmeory:me0x00a00-0x00eff]
[   0000] P: gitere nav memry [m 0x0000-000ff]
[  .0000]82 [me0x00000-xffbff] aible fo P dvice
  0.0000 Botin pavrtuaiz krnl  KM
[    .000] clckure: rin-jiffis:as 0xffff macyes: xfffff, x_le_n: 4519602168ns
  0.0000sep_ercp: _CUS:26 _cumasbi:256nrpuids: nnoe_id:1[   .0000]ERU:Embeed3 paespuffff00a0000 80 r81 d96 u10485
   0.000000] PV qspinlock hash table entries: 256 (order: 0, 4096 bytes
  0.00000]uit 1 nests n derdermobity oungon.  ot pges:7409
[   00000] li zone: DM32
[  0.0000 Knecommd ine:BO_IMAGE/bt/mlin-4.038enicrootAB=cloimrotfs  csoletyconse=yS0  0.0000PID shabe enie 409(oer 3, 2768 bytes)
[    0.000000] Memory: 3069764K/3145272K available (8404K kernel code, 1283K rwdata, 3944K rodata, 1480K init, 1292K bss, 75508K reserved, 0K cma-reserved)
[    0.000000] SLUB: HWalign=64, Order=0-3, MinObjects=0, CPUs2,Node1    .000] HiaricalRCimementi.
[  00000]Bud-imadstent  lf fano t64.  0.0000	RU restrictingPUs from NR_CPUS=256 to nr_cpu_ids=2.
[    0.000000] RCU: Adjusting geometry for rcu_fanout_leaf=64, nr_cpu_id=2
[    0.000000] NR_IRQS:16640 nr_irqs:440 16
[    0.000000] Conol clourVG 8x25[  0.000 cnsol [y1] nabl
  0.0000conse ty0] eabd
[    0.000000] tsc: Detected 3408.004 MHz processor
[   30.418066] Calibrating delay loop (skipped) preset value.. 6816.00 BogoMIPS (lpj=13632016)
[   30.580619] pid_max: default: 32768 minimum: 301
[   30.622231] ACPI: Core revision 20150930
[   30.623560] ACPI: 2 ACPI AML tables successfully acquired and loaded
[   30.624490] Security Framework initialized
[   30.664181] Yama: becoming mindful.
[   30.766046] AppArmor: AppArmor initialized
[   30.779828] Dentry cache hash table entries: 524288 (order: 10, 4194304 bytes)
[   30.947939] Inode-cache hash table entries: 262144 (order: 9, 2097152 bytes)
[   31.024157] Mount-cache hash table entries: 8192 (order: 4, 65536 bytes)
[   31.025067] Mountpoint-cache hash table entries: 8192 (order: 4, 65536 bytes)
[   31.026117] Initializing cgroup subsys io
[   31.026727] Initializing cgroup subsys memory
[   31.027422] Initializing cgroup subsys devices
[   31.028066] Initializing cgroup subsys freezer
[   31.028710] Initializing cgroup subsys net_cls
[   31.058222] Initializing cgroup subsys perf_event
[   31.172060] Initializing cgroup subsys net_prio
[   31.178785] Initializing cgroup subsys hugetlb
[   31.185261] Initializing cgroup subsys pids
[   31.185951] CPU: Physical Processor ID: 0
[   31.192578] CPU: Processor Core ID: 0
[   31.254932] mce: CPU supports 0 MCE banks
[   31.273039] Last level iTLB entries: 4KB 64, 2MB 8, 4MB 8
[   31.275289] Last level dTLB entries: 4KB 64, 2MB 0, 4MB 0, 1GB 4
[   31.297078] Freeing SMP alternatives memory: 32K (ffffffff820b4000 - ffffffff820bc000)
[   31.394547] ftrace: allocating 32006 entries in 126 pages
[   31.563870] smpboot: Max logical packages: 1
[   31.658316] smpboot: APIC(0) Converting physical 0 to logical package 0
[   31.853938] ..TIMER: vector=0x30 apic1=0 pin1=2 apic2=-1 pin2=-1
[   32.137819] smpboot: CPU0: Intel(R) Core(TM) i7-6700 CPU @ 3.40GHz (family: 0x6, model: 0x5e, stepping: 0x3)
[   32.291931] Performance Events: unsupported p6 CPU model 94 no PMU driver, software events only.
[   32.550396] KVM setup paravirtual spinlock
[   32.643655] x86: Booting SMP configuration:
[   32.758246] .... node  #0, CPUs:      #1
[   32.784579] kvm-clock: cpu 1, msr 0:bffe7041, secondary cpu clock
[   32.793505] mce: CPU supports 0 MCE banks
[   32.801306] x86: Booted up 1 node, 2 CPUs
[   32.902253] smpboot: Total of 2 processors activated (13632.01 BogoMIPS)
[   32.970627] devtmpfs: initialized
[   33.011272] evm: security.selinux
[   33.013370] evm: security.SMACK64
[   33.096199] evm: security.SMACK64EXEC
[   33.153919] evm: security.SMACK64TRANSMUTE
[   33.257064] evm: security.SMACK64MMAP
[   33.349844] evm: security.ima
[   33.397743] evm: security.capability
[   33.434020] clocksource: jiffies: mask: 0xffffffff max_cycles: 0xffffffff, max_idle_ns: 7645041785100000 ns
[   33.682154] pinctrl core: initialized pinctrl subsystem
[   33.823668] RTC time: 15:22:23, date: 09/27/16
[   33.943148] NET: Registered protocol family 16
[   34.030690] cpuidle: using governor ladder
[   34.115029] cpuidle: using governor menu
[   34.181986] PCCT header not found.
[   34.272255] ACPI: bus type PCI registered
[   34.357449] acpiphp: ACPI Hot Plug PCI Controller Driver version: 0.5
[   34.378516] PCI: Using configuration type 1 for base access
[   34.483555] ACPI: Added _OSI(Module Device)
[   34.574084] ACPI: Added _OSI(Processor Device)
[   34.638293] ACPI: Added _OSI(3.0 _SCP Extensions)
[   34.639017] ACPI: Added _OSI(Processor Aggregator Device)
[   34.640322] ACPI: Executed 1 blocks of module-level executable AML code
[   34.642674] ACPI: Interpreter enabled
[   34.653780] ACPI Exception: AE_NOT_FOUND, While evaluating Sleep State [\_S1_] (20150930/hwxface-580)
[   34.834261] ACPI Exception: AE_NOT_FOUND, While evaluating Sleep State [\_S2_] (20150930/hwxface-580)
[   34.929499] ACPI Exception: AE_NOT_FOUND, While evaluating Sleep State [\_S3_] (20150930/hwxface-580)
[   35.089945] ACPI Exception: AE_NOT_FOUND, While evaluating Sleep State [\_S4_] (20150930/hwxface-580)
[   35.307967] ACPI: (supports S0 S5)
[   35.374188] ACPI: Using IOAPIC for interrupt routing
[   35.471211] PCI: Using host bridge windows from ACPI; if necessary, use "pci=nocrs" and report a bug
[   35.635708] ACPI: PCI Root Bridge [PCI0] (domain 0000 [bus 00-ff])
[   35.772813] acpi PNP0A03:00: _OSC: OS supports [ASPM ClockPM Segments MSI]
[   35.907674] acpi PNP0A03:00: _OSC failed (AE_NOT_FOUND); disabling ASPM
[   36.040607] acpi PNP0A03:00: fail to add MMCONFIG information, can't access extended PCI configuration space under this bridge.
[   36.154975] PCI host bridge to bus 0000:00
[   36.270069] pci_bus 0000:00: root bus resource [io  0x0000-0x0cf7 window]
[   36.378421] pci_bus 0000:00: root bus resource [io  0x0d00-0xffff window]
[   36.531653] pci_bus 0000:00: root bus resource [mem 0x000a0000-0x000bffff window]
[   36.670993] pci_bus 0000:00: root bus resource [mem 0xc0000000-0xffdfffff window]
[   36.802886] pci_bus 0000:00: root bus resource [bus 00-ff]
[   36.856536] pci 0000:00:01.1: legacy IDE quirk: reg 0x10: [io  0x01f0-0x01f7]
[   36.905798] pci 0000:00:01.1: legacy IDE quirk: reg 0x14: [io  0x03f6]
[   36.907779] pci 0000:00:01.1: legacy IDE quirk: reg 0x18: [io  0x0170-0x0177]
[   37.019180] pci 0000:00:01.1: legacy IDE quirk: reg 0x1c: [io  0x0376]
[   37.190446] ACPI: PCI Interrupt Link [LNKA] (IRQs 5 9 10 11) *0, disabled.
[   37.236023] ACPI: PCI Interrupt Link [LNKB] (IRQs 5 9 10 *11)
[   37.237184] ACPI: PCI Interrupt Link [LNKC] (IRQs 5 9 *10 11)
[   37.275969] ACPI: PCI Interrupt Link [LNKD] (IRQs 5 *9 10 11)
[   37.319083] ACPI: Enabled 2 GPEs in block 00 to 07
[   37.320127] vgaarb: setting as boot device: PCI:0000:00:02.0
[   37.323266] vgaarb: device added: PCI:0000:00:02.0,decodes=io+mem,owns=io+mem,locks=none
[   37.324578] vgaarb: loaded
[   37.330610] vgaarb: bridge control possible 0000:00:02.0
[   37.424711] SCSI subsystem initialized
[   37.507125] ACPI: bus type USB registered
[   37.588569] usbcore: registered new interface driver usbfs
[   37.686441] usbcore: registered new interface driver hub
[   37.790717] usbcore: registered new device driver usb
[   37.893278] PCI: Using ACPI for IRQ routing
[   37.952326] NetLabel: Initializing
[   37.954812] NetLabel:  domain hash size = 128
[   37.971871] NetLabel:  protocols = UNLABELED CIPSOv4
[   38.041355] NetLabel:  unlabeled traffic allowed by default
[   38.171036] amd_nb: Cannot enumerate AMD northbridges
[   38.297224] clocksource: Switched to clocksource kvm-clock
[   8.10] pAorAprm FesteEnle
[  39.027769] pnp: PnP ACPI init
[   39.067778] pnp: PnP ACPI: found 3 devices
[   39.074571] clocksource: acpi_pm: mask: 0xffffff max_cycles: 0xffffff, max_idle_ns: 2085701024 ns
[   39.174642] NET: Registered protocol family 2
[   39.187219] TCP established hash table entries: 32768 (order: 6, 262144 bytes)
[   39.188424] TCP bind hash table entries: 32768 (order: 7, 524288 bytes)
[   39.189331] TCP: Hash tables configured (established 32768 bind 32768)
[   39.194241] UDP hash table entries: 2048 (order: 4, 65536 bytes)
[   39.195088] UDP-Lite hash table entries: 2048 (order: 4, 65536 bytes)
[   39.195976] NET: Registered protocol family 1
[   39.259076] pci 0000:00:00.0: Limiting direct PCI/PCI transfers
[   39.323776] pci 0000:00:01.0: Activating ISA DMA hang workarounds
[   39.420184] Trying to unpack rootfs image as initramfs...
[   40.523678] Freeing initrd memory: 7260K (ffff8800371c2000 - ffff8800378d9000)
[   40.568325] platform rtc_cmos: registered platform RTC device (no PNP device found)
[   40.569488] Scanning for low memory corruptionevy  son
[   40.768781] futex hash table entries: 512 (order: 3, 32768 bytes)
[   40.872710] audit: initializing netlink subsys (disabled)
[   40.933440] audit: type=2000 audit(1474989718.085:1): initialized
[   40.936500] Initialise system trusted keyring
[   40.937393] HugeTLB registered 2 MB page size, pre-allocated 0 pages
[   40.968918] zbud: loaded
[   40.969623] VFS: Disk quotas dquot_6.6.0
[   40.970296] VFS: Dquot-cache hash table entries: 512 (order 0, 4096 bytes)
[   40.986916] squashfs: version 4.0 (2009/01/31) Phillip Lougher
[   40.987981] fuse init (API version 7.23)
[   40.988670] Key type big_key registered
[   40.989338] Allocating IMA MOK and blacklist keyrings.
[   41.027002] Key type asymmetric registered
[   41.073644] Asymmetric key parser 'x509' registered
[   41.084339] Block layer SCSI generic (bsg) driver version 0.4 loaded (major 249)
[   41.088991] io scheduler noop registered
[   41.093408] io scheduler deadline registered (default)
[   41.094281] io scheduler cfq registered
[   41.095003] pci_hotplug: PCI Hot Plug PCI Core version: 0.5
[   41.095847] pciehp: PCI Express Hot Plug Controller Driver version: 0.4
[   41.134310] ACPI: AC Adapter [AC] (on-line)
[   41.134979] input: Power Button as /devices/LNXSYSTM:00/LNXPWRBN:00/input/input0
[   41.136101] ACPI: Power Button [PWRF]
[   41.136795] input: Sleep Button as /devices/LNXSYSTM:00/LNXSLPBN:00/input/input1
[   41.153962] ACPI: Sleep Button [SLPF]
[   41.176512] GHES: HEST is not enabled!
[   41.201885] Serial: 8250/16550 driver, 32 ports, IRQ sharing enabled
[   41.224227] 00:02: ttyS0 at I/O 0x3f8 (irq = 4, base_baud = 115200) is a 16550A
[   41.309772] Linux agpgart interface v0.103
[   41.314872] brd: module loaded
[   41.372739] loop: module loaded
[   41.383124] scsi host0: ata_piix
[   41.427964] scsi host1: ata_piix
[   41.489046] ata1: PATA max UDMA/33 cmd 0x1f0 ctl 0x3f6 bmdma 0xd000 irq 14
[   41.594339] ata2: PATA max UDMA/33 cmd 0x170 ctl 0x376 bmdma 0xd008 irq 15
[   41.597445] tsc: Refined TSC clocksource calibration: 3408.755 MHz
[   41.597447] clocksource: tsc: mask: 0xffffffffffffffff max_cycles: 0x31229cd7e88, max_idle_ns: 440795242015 ns
[   41.688910] libphy: Fixed MDIO Bus: probed
[   41.737329] tun: Universal TUN/TAP device driver, 1.6
[   41.744502] tun: (C) 1999-2004 Max Krasnyansky <maxk@qualcomm.com>
[   41.745391] PPP generic driver version 2.4.2
[   41.746250] ehci_hcd: USB 2.0 'Enhanced' Host Controller (EHCI) Driver
[   41.760642] ehci-pci: EHCI PCI platform driver
[   41.761308] ehci-platform: EHCI generic platform driver
[   41.831565] ohci_hcd: USB 1.1 'Open' Host Controller (OHCI) Driver
[   41.897539] ohci-pci: OHCI PCI platform driver
[   41.965442] ohci-platform: OHCI generic platform driver
[   42.000716] uhci_hcd: USB Universal Host Controller Interface driver
[   42.073661] i8042: PNP: PS/2 Controller [PNP0303:PS2K,PNP0f03:PS2M] at 0x60,0x64 irq 1,12
[   42.075419] serio: i8042 KBD port at 0x60,0x64 irq 1
[   42.151760] serio: i8042 AUX port at 0x60,0x64 irq 12
[   42.192557] mousedev: PS/2 mouse device common for all mice
[   42.193838] rtc_cmos rtc_cmos: rtc core: registered rtc_cmos as rtc0
[   42.292424] input: AT Translated Set 2 keyboard as /devices/platform/i8042/serio0/input/input2
[   2.39] c_mos rtc_mo  alarms up to one day, 114 bytes nvram
[   42.654348] i2c /dev entries driver
[   42.691217] device-mapper: uevent: version 1.0.3
[   42.789764] device-mapper: ioctl: 4.34.0-ioctl (2015-10-28) initialised: dm-devel@redhat.com
[   42.882450] ledtrig-cpu: registered to indicate activity on CPUs
[   2.3858] NE: giered protocol family 10

[   41873] T:egstedrotoolfamiy 
[   43.739]eyypdnrelv rgistre

[ 44298]icco: U0ig=0503, pf=x4 risn=0
[   44.826616] microcode: CPU1 sig=0x506e3, pf=0x40, revision=0x0
[   44.830525] microcode: Microcode Update Driver: v2.01 <tigran@aivazian.fsnet.co.uk>, Peter Oruba
[   45.022195] registered taskstats version 1
[   5.75] adg mpedn 50 cerfite

[   .632 Lde X.5 ct uid ti aogerederl y:b95d954070e4af63f7a652d6

[   46.859504] zswap: loaded using pool lzo/zbud
[   46.867647] Key type trusted registered
[   46.910053] Key type encrypted registered
[   46.971685] AppArmor: AppArmor sha1 policy hashing enabled
[   47.073988] ima: No TPM chip found, activating TPM-bypass!
[   47.201394] evm: HMAC attrs: 0x1
[   47.289454]   Magic number: 0:462:387
[   47.381966] rtc_cmos rtc_cmos: setting system clock to 2016-09-27 15:22:37 UTC (1474989757)
[   47.577718] BIOS EDD facility v0.16 2004-Jun-25, 0 devices found
[   47.749812] EDD information not available.
[   47.771094] Freeing unused kernel memory: 1480K (ffffffff81f42000 - ffffffff820b4000)
[   47.856000] Write protecting the kernel read-only data: 14336k
[   47.877462] Freeing unused kernel memory: 1824K (ffff880001838000 - ffff880001a00000)
[   48.038564] Freeing unused kernel memory: 152K (ffff880001dda000 - ffff880001e00000)
Loading, please wait...
starting version[   48.048745] random: systemd-udevd: uninitialized urandom read (16 bytes read, 5 bits of entropy available)
 229
[   48.049059] random: udevadm: uninitialized urandom read (16 bytes read, 5 bits of entropy available)
[   48.049082] random: udevadm: uninitialized urandom read (16 bytes read, 5 bits of entropy available)
[   48.049174] random: udevadm: uninitialized urandom read (16 bytes read, 5 bits of entropy available)
[   48.049234] random: udevadm: uninitialized urandom read (16 bytes read, 5 bits of entropy available)
[   48.049271] random: udevadm: uninitialized urandom read (16 bytes read, 5 bits of entropy available)
[   48.049297] random: udevadm: uninitialized urandom read (16 bytes read, 5 bits of entropy available)
[   48.049322] random: udevadm: uninitialized urandom read (16 bytes read, 5 bits of entropy available)
[   48.049346] random: udevadm: uninitialized urandom read (16 bytes read, 5 bits of entropy available)
[   48.049369] random: udevadm: uninitialized urandom read (16 bytes read, 5 bits of entropy available)
[   48.682741] e1000: Intel(R) PRO/1000 Network Driver - version 7.3.21-k8-NAPI
[   48.706350] e1000: Copyright (c) 1999-2006 Intel Corporation.
[   48.756251] Fusion MPT base driver 3.04.20
[   48.762498] Copyright (c) 1999-2008 LSI Corporation
[   48.780378] AVX version of gcm_enc/dec engaged.
[   48.834684] AES CTR mode by8 optimization enabled
[   48.842761] Fusion MPT SPI Host driver 3.04.20
[   49.038441] input: ImExPS/2 Generic Explorer Mouse as /devices/platform/i8042/serio1/input/input4
[   49.256596] e1000 0000:00:03.0 eth0: (PCI:33MHz:32-bit) 02:9b:1a:8a:a1:6c
[   49.352310] e1000 0000:00:03.0 eth0: Intel(R) PRO/1000 Network Connection
[   49.861428] e1000 0000:00:08.0 eth1: (PCI:33MHz:32-bit) 08:00:27:92:96:0b
[   50.053768] e1000 0000:00:08.0 eth1: Intel(R) PRO/1000 Network Connection
[   50.185210] mptbase: ioc0: Initiating bringup
[   50.185386] e1000 0000:00:03.0 enp0s3: renamed from eth0
[   50.201546] e1000 0000:00:08.0 enp0s8: renamed from eth1
[   50.257747] ioc0: LSI53C1030 A0: Capabilities={Initiator}
[   50.427584] scsi host2: ioc0: LSI53C1030 A0, FwRev=00000000h, Ports=1, MaxQ=256, IRQ=20
[   50.546729] scsi 2:0:0:0: Direct-Access     VBOX     HARDDISK         1.0  PQ: 0 ANSI: 5
[   50.673818] scsi target2:0:0: Beginning Domain Validation
[   50.767013] scsi target2:0:0: Domain Validation skipping write tests
[   50.854663] scsi target2:0:0: Ending Domain Validation
[   50.923423] scsi target2:0:0: asynchronous
[   50.967362] scsi 2:0:1:0: Direct-Access     VBOX     HARDDISK         1.0  PQ: 0 ANSI: 5
[   50.991684] scsi target2:0:1: Beginning Domain Validation
[   50.998068] scsi target2:0:1: Domain Validation skipping write tests
[   51.062292] scsi target2:0:1: Ending Domain Validation
[   51.110940] scsi target2:0:1: asynchronous
[   51.126593] sd 2:0:0:0: Attached scsi generic sg0 type 0
[   51.126783] sd 2:0:0:0: [sda] 20971520 512-byte logical blocks: (10.7 GB/10.0 GiB)
[   51.126859] sd 2:0:0:0: [sda] Write Protect is off
[   51.126943] sd 2:0:0:0: [sda] Incomplete mode parameter data
[   51.126944] sd 2:0:0:0: [sda] Assuming drive cache: write through
[   51.183856]  sda: sda1
[   51.184776] sd 2:0:0:0: [sda] Attached SCSI disk
[   51.247488] sd 2:0:1:0: Attached scsi generic sg1 type 0
[   51.247594] sd 2:0:1:0: [sdb] 20480 512-byte logical blocks: (10.5 MB/10.0 MiB)
[   51.247704] sd 2:0:1:0: [sdb] Write Protect is off
[   51.247768] sd 2:0:1:0: [sdb] Incomplete mode parameter data
[   51.247769] sd 2:0:1:0: [sdb] Assuming drive cache: write through
[   51.249580] sd 2:0:1:0: [sdb] Attached SCSI disk
[   51.845805] floppy0: no floppy controllers found
Begin: Loading e[   53.232935] md: linear personality registered for level -1
ssential drivers[   53.345245] md: multipath personality registered for level -4
 ... [   53.407273] md: raid0 personality registered for level 0
[   53.415762] md: raid1 personality registered for level 1
[   53.537283] raid6: sse2x1   gen()  9303 MB/s
[   53.673623] raid6: sse2x1   xor()  6514 MB/s
[   53.785230] raid6: sse2x2   gen() 10976 MB/s
[   53.913731] raid6: sse2x2   xor()  7060 MB/s
[   54.057603] raid6: sse2x4   gen() 13509 MB/s
[   54.185446] raid6: sse2x4   xor()  9549 MB/s
[   54.221073] raid6: using algorithm sse2x4 gen() 13509 MB/s
[   54.221807] raid6: .... xor() 9549 MB/s, rmw enabled
[   54.229561] raid6: using ssse3x2 recovery algorithm
[   54.236373] xor: automatically using best checksumming function:
[   54.405560]    avx       : 22583.000 MB/sec
[   54.472766] async_tx: api initialized (async)
[   54.534656] md: raid6 personality registered for level 6
[   54.611944] md: raid5 personality registered for level 5
[   54.697712] md: raid4 personality registered for level 4
[   54.798731] md: raid10 personality registered for level 10
done.
Begin: Running /scripts/init-premount ...[   54.844434] Btrfs loaded
 done.
Begin: Mounting root file system ... Begin: Running /scripts/local-top ... done.
Begin: Running /scripts/local-premount ... Scanning for Btrfs filesystems
done.
Warning: fsck no[   54.891762] EXT4-fs (sda1): mounted filesystem with ordered data mode. Opts: (null)
t present, so skipping root file system
done.
Begin: Running /scripts/local-bottom ... done.
Begin: Running /scripts/init-bottom ... Warning: overlayroot: debug is busted
done.
[   55.144113] systemd[1]: systemd 229 running in system mode. (+PAM +AUDIT +SELINUX +IMA +APPARMOR +SMACK +SYSVINIT +UTMP +LIBCRYPTSETUP +GCRYPT +GNUTLS +ACL +XZ -LZ4 +SECCOMP +BLKID +ELFUTILS +KMOD -IDN)
[   55.382573] systemd[1]: Detected virtualization oracle.
[   55.385816] systemd[1]: Detected architecture x86-64.

Welcome to [1mUbuntu 16.04.1 LTS[0m!

[ 550578] systemd[1]: Set hostname to <ubuntu-xenial>.
[   5.85] std[: acedart ser and Group Na Lku.
[[0;32m  OK  [0m] Reached target User and Group Name Lookups.
[   56.270306] sysmd]:isni on Devi-mappe eventdaon FFO
[[0;32m  OK  [0m] Listening on Device-mapper event daemon FIFOs.
[ 56025] sstd[: ead icUs a Sssion Slice.
[[0;32m  OK  [0m] Created slice User and Session Slice.
[   57.536631] systemd[1]: Listening on LVM2 poll daemon socket.
[[0;32m  OK  [0m] Listening on LVM2 poll daemon socket.
[   .592 ste[1 Liseng  uv KeneSoet

[[0;32m  OK  [0m] Listening on udev Kernel Socket.
[ 580167sytemd[1]:ListinonJourl ck (evog.
[[0;32m  OK  [0m] Listening on Journal Socket (/dev/log).
[   59.036669] systemd[1]: Set up automount Arbitrary Executable File Formas leysm tounPot.
[[0;32m  OK  [0m] Set up automount Arbitrary Executab...ats File System Automount Point.
[   59.533687] systemd[1]: Listening on udev Control Socket.
[[0;32m  OK  [0m] Listening on udev Control Socket.
[   59.566658] systemd[1]: Listening on Joural Ske
[[0;32m  OK  [0m] Listening on Journal Socket.
[ 60184]syem1]Crte sliceyste Sce
[[0;32m  OK  [0m] Created slice System Slice.
[   61.121709] systemd[1]: Mounting Huge Pages File System...
[   61.224816] random: nonblocking pool is initialized
         Mounting Huge Pages File System...
[   61.271729] systemd[1]: Reached target Slices.
[[0;32m  OK  [0m] Reached target Slices.
[   61.314508] systemd[1]: Starting Set console keymap...
         Starting Set console keymap...
[   61.434453] systemd[1]: Starting Nameserver information manager...
         Starting Nameserver information manager...
[   61.524905] systemd[1]: Starting Uncomplicated firewall...
         Starting Uncomplicated firewall...
[   61.540952] systemd[1]: Starting Remount Root and Kernel File Systems...
         [   61.695898] EXT4-fs (sda1): re-mounted. Opts: (null)
Starting Remount Root and Kernel File Systems...
[   61.869323] systemd[1]: Mounting POSIX Message Queue File System...
         Mounting POSIX Message Queue File System...
[   61.970640] systemd[1]: Starting Create list of required static device nodes for the current kernel...
         Starting Create list of required st... nodes for the current kernel...
[   62.249360] systemd[1]: Starting Load Kernel Modules...
         Starting Load Ke[   62.311937] Loading iSCSI transport class v2.0-870.
rnel Modules...
[   62.314816] systemd[1]: Created slice system-serial\x2dgetty.slice.
[[0;32m  OK  [0[   62.365727] iscsi: registered transport (tcp)
m] Created slice system-serial\x[   62.449402] iscsi: registered transport (iser)
2dgetty.slice.
[   62.473453] systemd[1]: Reached target Encrypted Volumes.
[[0;32m  OK  [0m] Reached target Encrypted Volumes.
[ 62411]ystemd[1]: Listening on /dev/initctl Compatibility Named Pipe.

[[0;32m  OK  [0m] Listening on /dev/initctl Compatibility Named Pipe.
[ 62104] systemd[1]: Ltengn url diSoet

[[0;32m  OK  [0m] Listening on Journal Audit Socket.
[   63.468236] systemd[1]: Started Forward Password Requests to Wall Directory Watch.
[[0;32m  OK  [0m] Started Forward Password Requests to Wall Directory Watch.
[   63.565454] systemd[1]: Mounting Debug File System...
         Mounting Debug File System...
[   63.669822] systemd[1]: Reached target Swap.
[[0;32m  OK  [0m] Reached target Swap.
[   63.671434] systemd[1]: Listening on LVM2 metadata daemon socket.
[[0;32m  OK  [0m] Listening on LVM2 metadata daemon socket.
[   63.685714] systemd[1]: Starting Monitoring of LVM2 mirrors, snapshots etc. using dmeventd or progress polling...
         Starting Monitoring of LVM2 mirrors... dmeventd or progress polling...
[  64.58] std[: stinonysog Soket.
[[0;32m  OK  [0m] Listening on Syslog Socket.
[   64.673409] systemd[1]: Starting Journal Service...
         Starting Journal Service...
[   64.818329] systemd[1]: Mounted Huge Pages File System.
[[0;32m  OK  [0m] Mounted Huge Pages File System.
[   64.926273] systemd[1]: Mounted Debug File System.
[[0;32m  OK  [0m] Mounted Debug File System.
[  65.017717] systemd[1]: Mounted POSIX Message Queue File System.
[[0;32m  OK  [0m] Mounted POSIX Message Queue File System.
[   .092 ste[1 Srt Jurna Serice.

[[0;32m  OK  [0m] Started Journal Service.
[[0;32m  OK  [0m] Started Set console keymap.
[[0;32m  OK  [0m] Started Uncomplicated firewall.
[[0;32m  OK  [0m] Started Remount Root and Kernel File Systems.
[[0;32m  OK  [0m] Started Create list of required sta...ce nodes for the current kernel.
[[0;32m  OK  [0m] Started Load Kernel Modules.
[[0;32m  OK  [0m] Started Nameserver information manager.
[[0;32m  OK  [0m] Started LVM2 metadata daemon.
         Starting Apply Kernel Variables...
         Mounting FUSE Control File System...
         Starting Create Static Device Nodes in /dev...
         Starting Load/Save Random Seed...
         Starting udev Coldplug all Devices...
         Starting Flush Journal to Persistent Storage...
[[0;32m  OK  [0m] Mounted FUSE Control File System.
[[0;32m  OK  [0m] Started Apply Kernel Variables.
[[0;32m  OK  [0m] Started Create Static Device Nodes in /dev.
[[0;32m  OK  [0m] Started Load/Save Random Seed.
[[0;32m  OK  [0m] Started Flush Journal to Persistent Storage.
[[0;32m  OK  [0m] Started udev Coldplug all Devices.
[[0;32m  OK  [0m] Started Monitoring of LVM2 mirrors,...ng dmeventd or progress polling.
         Starting udev Kernel Device Manager...
[[0;32m  OK  [0m] Started udev Kernel Device Manager.
[[0;32m  OK  [0m] Reached target Local File Systems (Pre).
[[0;32m  OK  [0m] Reached target Local File Systems.
         Starting Set console font and keymap...
         Starting Initial cloud-init job (pre-networking)...
         Starting Create Volatile Files and Directories...
         Starting Run snappy firstboot setup...
         Starting LSB: AppArmor initialization...
         Starting Tell Plymouth To Write Out Runtime Data...
[[0;32m  OK  [0m] Started Dispatch Password Requests to Console Directory Watch.
[[0;32m  OK  [0m] Started Create Volatile Files and Directories.
[[0;32m  OK  [0m] Started Run snappy firstboot setup.
[   29.682523] cloud-init[534]: Cloud-init v. 0.7.8 running 'init-local' at Tue, 27 Sep 2016 15:22:57 +0000. Up 29.44 seconds.
[[0;32m  OK  [0m] Started Set console font and keymap.
[[0;32m  OK  [0m] Started Tell Plymouth To Write Out Runtime Data.
[[0;32m  OK  [0m] Started Initial cloud-init job (pre-networking).
[[0;32m  OK  [0m] Found device /dev/ttyS0.
[[0;32m  OK  [0m] Listening on Load/Save RF Kill Switch Status /dev/rfkill Watch.
[[0;32m  OK  [0m] Created slice system-getty.slice.
[[0;32m  OK  [0m] Reached target Network (Pre).
[[0;32m  OK  [0m] Reached target System Time Synchronized.
         Starting Update UTMP about System Boot/Shutdown...
[[0;32m  OK  [0m] Started LSB: AppArmor initialization.
[[0;32m  OK  [0m] Started ifup for enp0s3.
[[0;32m  OK  [0m] Started ifup for enp0s8.
         Starting Raise network interfaces...
[[0;32m  OK  [0m] Started Update UTMP about System Boot/Shutdown.
[[0;32m  OK  [0m] Reached target System Initialization.
[[0;32m  OK  [0m] Started Timer to automatically refresh installed snaps.
[[0;32m  OK  [0m] Started ACPI Events Check.
[[0;32m  OK  [0m] Listening on ACPID Listen Socket.
[[0;32m  OK  [0m] Listening on D-Bus System Message Bus Socket.
[[0;32m  OK  [0m] Started Daily apt activities.
[[0;32m  OK  [0m] Listening on UUID daemon activation socket.
         Starting LXD - unix socket.
[[0;32m  OK  [0m] Started Daily Cleanup of Temporary Directories.
[[0;32m  OK  [0m] Reached target Timers.
[[0;32m  OK  [0m] Started Trigger resolvconf update for networkd DNS.
[[0;32m  OK  [0m] Reached target Paths.
         Starting Socket activation for snappy daemon.
[[0;32m  OK  [0m] Listening on LXD - unix socket.
[[0;32m  OK  [0m] Listening on Socket activation for snappy daemon.
[[0;32m  OK  [0m] Reached target Sockets.
[[0;32m  OK  [0m] Reached target Basic System.
         Starting System Logging Service...
[[0;32m  OK  [0m] Started Regular background program processing daemon.
         Starting LSB: MD monitoring daemon...
[[0;32m  OK  [0m] Started Deferred execution scheduler.
[[0;32m  OK  [0m] Started D-Bus System Message Bus.
[[0;32m  OK  [0m] Started ACPI event daemon.
[[0;32m  OK  [0m] Started FUSE filesystem for LXC.
         Starting Accounts Service...
[[0;32m  OK  [0m] Started Snappy daemon.
         Starting LSB: Record successful boot for GRUB...
         Starting LXD - container startup/shutdown...
         Starting Login Service...
[[0;32m  OK  [0m] Started System Logging Service.
         Starting Authenticate and Authorize Users to Run Privileged Tasks...
[[0;32m  OK  [0m] Started LSB: MD monitoring daemon.
[[0;32m  OK  [0m] Started LSB: Record successful boot for GRUB.
[[0;32m  OK  [0m] Started LXD - container startup/shutdown.
[[0;32m  OK  [0m] Started Login Service.
[[0;32m  OK  [0m] Started Authenticate and Authorize Users to Run Privileged Tasks.
[[0;32m  OK  [0m] Started Accounts Service.
[[0;32m  OK  [0m] Started Raise network interfaces.
         Starting Initial cloud-init job (metadata service crawler)...
[[0;32m  OK  [0m] Reached target Network.
[   32.546521] cloud-init[1122]: Cloud-init v. 0.7.8 running 'init' at Tue, 27 Sep 2016 15:23:00 +0000. Up 32.37 seconds.
[   32.663808] cloud-init[1122]: ci-info: ++++++++++++++++++++++++++++++++++++++Net device info++++++++++++++++++++++++++++++++++++++
[   32.785042] cloud-init[1122]: ci-info: +--------+------+-----------------------------+---------------+-------+-------------------+
[[0;32m  OK  [0m] Started Initial cloud-init job (metadata service crawler).
[[0;32m  OK  [0m] Reached target Cloud-config availability.
[[0;32m  OK  [0m] Reached target Network is Online.
[   32.904543] cloud-init[1122]: ci-info: | Device |  Up  |           Address           |      Mask     | Scope |     Hw-Address    |
[   33.260423]          cloud-initStarting iSCSI initiator daemon (iscsid)...[1122]: 
ci-info: +--------+------+-----------------------------+---------------+-------+-------------------+
[   33.312490]          cloud-initStarting Apply the settings specified in cloud-config...[1122]: 
ci-info: |   lo   | True |          127.0.0.1          |   255.0.0.0   |   .   |         .         |
         Starting OpenBSD Secure Shell server...
[   33.386646] cloud-init[1122]: ci-info: |   lo   | True |           ::1/128           |       .       |  host |         .         |
         Starting /etc/rc.local Compatibility...
[   33.550216] cloud-init[1122]: ci-info: | enp0s3 | True |          10.0.2.15          | 255.255.255.0 |   .   | 02:9b:1a:8a:a1:6c |
[[0;32m  OK  [0m] Started OpenBSD Secure Shell server.
[   33.615278] cloud-init[1122]: ci-info: | enp0s3 | True |  fe80::9b:1aff:fe8a:a16c/64 |       .       |  link | 02:9b:1a:8a:a1:6c |
[   33.796595] cloud-init[1122]: ci-info: | enp0s8 | True |        192.168.33.12        | 255.255.255.0 |   .   | 08:00:27:92:96:0b |
[[0;32m  OK  [0m] Started Apply the settings specified in cloud-config.
[[0;32m  OK  [0m] Started /etc/rc.local Compatibility.
[[0;32m  OK  [0m] Started iSCSI initiator daemon (iscsid).
[   33.883012] cloud-init[1122]: ci-info: | enp0s8 | True | fe80::a00:27ff:fe92:960b/64 |       .       |  link | 08:00:27:92:96:0b |
[   34.224877] cloud-init[1122]: ci-info: +--------+------+-----------------------------+---------------+-------+-------------------+
[   34.306101] cloud-init[1122]: ci-info: ++++++++++++++++++++++++++++Route IPv4 info++++++++++++++++++++++++++++
[   34.408985] cloud-init[1122]: ci-info: +-------+--------------+----------+---------------+-----------+-------+
[   34.513465] cloud-init[1122]: ci-info: | Route | Destination  | Gateway  |    Genmask    | Interface | Flags |
[   34.624819] cloud-init[1122]: ci-info: +-------+--------------+----------+---------------+-----------+-------+
[   34.736889] cloud-init[1122]: ci-info: |   0   |   0.0.0.0    | 10.0.2.2 |    0.0.0.0    |   enp0s3  |   UG  |
         Starting Login to default iSCSI targets...
[   34.864069] cloud-init[1122]: ci-info: |   1   |   10.0.2.0   | 0.0.0.0  | 255.255.255.0 |   enp0s3  |   U   |
[   34.931528] cloud-init[1122]: ci-info: |   2   | 192.168.33.0 | 0.0.0.0  | 255.255.255.0 |   enp0s8  |   U   |
[   35.016809] [cloud-init[0;32m  OK  [0m[1122]: ] ci-info: +-------+--------------+----------+---------------+-----------+-------+Started Login to default iSCSI targets.

[   35.018338] cloud-init[1168]: Cloud-init v. 0.7.8 running 'modules:config' at Tue, 27 Sep 2016 15:23:01 +0000. Up 33.47 seconds.
[[0;32m  OK  [0m] Reached target Remote File Systems (Pre).
[[0;32m  OK  [0m] Reached target Remote File Systems.
         Starting LSB: automatic crash report generation...
         Starting LSB: daemon to balance interrupts for SMP systems...
         Starting Permit User Sessions...
         Starting LSB: Set the CPU Frequency Scaling governor to "ondemand"...
         Starting LSB: VirtualBox Linux Additions...
[[0;32m  OK  [0m] Started Permit User Sessions.
         Starting Hold until boot process finishes up...
         Starting Terminate Plymouth Boot Screen...
[[0;32m  OK  [0m] Started LSB: automatic crash report generation.
[[0;32m  OK  [0m] Started LSB: daemon to balance interrupts for SMP systems.
[[0;32m  OK  [0m] Started LSB: Set the CPU Frequency Scaling governor to "ondemand".
[[0;32m  OK  [0m] Started LSB: VirtualBox Linux Additions.
[[0;32m  OK  [0m] Started Hold until boot process finishes up.
[[0;32m  OK  [0m] Started Terminate Plymouth Boot Screen.
[[0;32m  OK  [0m] Started Getty on tty1.
         Starting Set console scheme...
[[0;32m  OK  [0m] Started Serial Getty on ttyS0.
[[0;32m  OK  [0m] Reached target Login Prompts.
[[0;32m  OK  [0m] Reached target Multi-User System.
         Starting Notify bootloader that boot was successful...
         Starting Execute cloud user/final scripts...
[[0;32m  OK  [0m] Reached target Graphical Interface.
         Starting Update UTMP about System Runlevel Changes...
[[0;32m  OK  [0m] Started Set console scheme.
[[0;32m  OK  [0m] Started Notify bootloader that boot was successful.
[[0;32m  OK  [0m] Started Update UTMP about System Runlevel Changes.
[[0;32m  OK  [0m] Created slice User Slice of ubuntu.
         Starting User Manager for UID 1000...
[[0;32m  OK  [0m] Started Session 1 of user ubuntu.
[   36.787019] cloud-init[1283]: Cloud-init v. 0.7.8 running 'modules:final' at Tue, 27 Sep 2016 15:23:04 +0000. Up 36.70 seconds.
[   36.994450] cloud-init[1283]: Cloud-init v. 0.7.8 finished at Tue, 27 Sep 2016 15:23:04 +0000. Datasource DataSourceNoCloud [seed=/dev/sdb][dsmode=net].  Up 36.76 seconds
[[0;32m  OK  [0m] Started User Manager for UID 1000.
[[0;32m  OK  [0m] Started Execute cloud user/final scripts.
[[0;32m  OK  [0m] Reached target Cloud-init target.

Ubuntu 16.04.1 LTS ubuntu-xenial ttyS0

ubuntu-xenial login: 